2025-04-22 13:22:20.148 | INFO     | app.main:<module>:10 - Application starting up...
2025-04-22 13:22:20.150 | INFO     | logging:callHandlers:1762 - Started server process [15161]
2025-04-22 13:22:20.150 | INFO     | logging:callHandlers:1762 - Started server process [15161]
2025-04-22 13:22:20.150 | INFO     | logging:callHandlers:1762 - Waiting for application startup.
2025-04-22 13:22:20.150 | INFO     | logging:callHandlers:1762 - Waiting for application startup.
2025-04-22 13:22:20.150 | INFO     | app.main:startup_event:33 - [WORKFLOW] Server started successfully
2025-04-22 13:22:20.150 | INFO     | logging:callHandlers:1762 - Application startup complete.
2025-04-22 13:22:20.151 | INFO     | logging:callHandlers:1762 - Application startup complete.
2025-04-22 13:25:16.983 | INFO     | logging:callHandlers:1762 - Shutting down
2025-04-22 13:25:16.983 | INFO     | logging:callHandlers:1762 - Shutting down
2025-04-22 13:25:17.085 | INFO     | logging:callHandlers:1762 - Waiting for application shutdown.
2025-04-22 13:25:17.085 | INFO     | logging:callHandlers:1762 - Waiting for application shutdown.
2025-04-22 13:25:17.085 | INFO     | app.main:shutdown_event:37 - [WORKFLOW] Server shutting down
2025-04-22 13:25:17.085 | INFO     | logging:callHandlers:1762 - Application shutdown complete.
2025-04-22 13:25:17.085 | INFO     | logging:callHandlers:1762 - Application shutdown complete.
2025-04-22 13:25:17.085 | INFO     | logging:callHandlers:1762 - Finished server process [15161]
2025-04-22 13:25:17.086 | INFO     | logging:callHandlers:1762 - Finished server process [15161]
2025-04-22 13:25:21.064 | INFO     | app.main:<module>:10 - Application starting up...
2025-04-22 13:25:21.066 | INFO     | logging:callHandlers:1762 - Started server process [15727]
2025-04-22 13:25:21.066 | INFO     | logging:callHandlers:1762 - Started server process [15727]
2025-04-22 13:25:21.066 | INFO     | logging:callHandlers:1762 - Waiting for application startup.
2025-04-22 13:25:21.066 | INFO     | logging:callHandlers:1762 - Waiting for application startup.
2025-04-22 13:25:21.066 | INFO     | app.main:startup_event:33 - [WORKFLOW] Server started successfully
2025-04-22 13:25:21.066 | INFO     | logging:callHandlers:1762 - Application startup complete.
2025-04-22 13:25:21.066 | INFO     | logging:callHandlers:1762 - Application startup complete.
2025-04-22 13:25:40.878 | INFO     | logging:callHandlers:1762 - Shutting down
2025-04-22 13:25:40.879 | INFO     | logging:callHandlers:1762 - Shutting down
2025-04-22 13:25:40.980 | INFO     | logging:callHandlers:1762 - Waiting for application shutdown.
2025-04-22 13:25:40.982 | INFO     | logging:callHandlers:1762 - Waiting for application shutdown.
2025-04-22 13:25:40.982 | INFO     | app.main:shutdown_event:37 - [WORKFLOW] Server shutting down
2025-04-22 13:25:40.983 | INFO     | logging:callHandlers:1762 - Application shutdown complete.
2025-04-22 13:25:40.983 | INFO     | logging:callHandlers:1762 - Application shutdown complete.
2025-04-22 13:25:40.983 | INFO     | logging:callHandlers:1762 - Finished server process [15727]
2025-04-22 13:25:40.984 | INFO     | logging:callHandlers:1762 - Finished server process [15727]
2025-04-22 13:25:42.936 | INFO     | app.main:<module>:10 - Application starting up...
2025-04-22 13:25:42.938 | INFO     | logging:callHandlers:1762 - Started server process [15802]
2025-04-22 13:25:42.938 | INFO     | logging:callHandlers:1762 - Started server process [15802]
2025-04-22 13:25:42.938 | INFO     | logging:callHandlers:1762 - Waiting for application startup.
2025-04-22 13:25:42.938 | INFO     | logging:callHandlers:1762 - Waiting for application startup.
2025-04-22 13:25:42.938 | INFO     | app.main:startup_event:33 - [WORKFLOW] Server started successfully
2025-04-22 13:25:42.938 | INFO     | logging:callHandlers:1762 - Application startup complete.
2025-04-22 13:25:42.938 | INFO     | logging:callHandlers:1762 - Application startup complete.
2025-04-22 13:25:44.452 | INFO     | logging:callHandlers:1762 - Shutting down
2025-04-22 13:25:44.453 | INFO     | logging:callHandlers:1762 - Shutting down
2025-04-22 13:25:44.554 | INFO     | logging:callHandlers:1762 - Waiting for application shutdown.
2025-04-22 13:25:44.554 | INFO     | logging:callHandlers:1762 - Waiting for application shutdown.
2025-04-22 13:25:44.554 | INFO     | app.main:shutdown_event:37 - [WORKFLOW] Server shutting down
2025-04-22 13:25:44.554 | INFO     | logging:callHandlers:1762 - Application shutdown complete.
2025-04-22 13:25:44.554 | INFO     | logging:callHandlers:1762 - Application shutdown complete.
2025-04-22 13:25:44.554 | INFO     | logging:callHandlers:1762 - Finished server process [15802]
2025-04-22 13:25:44.554 | INFO     | logging:callHandlers:1762 - Finished server process [15802]
2025-04-22 13:25:46.467 | INFO     | app.main:<module>:10 - Application starting up...
2025-04-22 13:25:46.468 | INFO     | logging:callHandlers:1762 - Started server process [15820]
2025-04-22 13:25:46.468 | INFO     | logging:callHandlers:1762 - Started server process [15820]
2025-04-22 13:25:46.469 | INFO     | logging:callHandlers:1762 - Waiting for application startup.
2025-04-22 13:25:46.469 | INFO     | logging:callHandlers:1762 - Waiting for application startup.
2025-04-22 13:25:46.469 | INFO     | app.main:startup_event:33 - [WORKFLOW] Server started successfully
2025-04-22 13:25:46.469 | INFO     | logging:callHandlers:1762 - Application startup complete.
2025-04-22 13:25:46.469 | INFO     | logging:callHandlers:1762 - Application startup complete.
2025-04-22 13:26:01.421 | INFO     | logging:callHandlers:1762 - Shutting down
2025-04-22 13:26:01.422 | INFO     | logging:callHandlers:1762 - Shutting down
2025-04-22 13:26:01.523 | INFO     | logging:callHandlers:1762 - Waiting for application shutdown.
2025-04-22 13:26:01.523 | INFO     | logging:callHandlers:1762 - Waiting for application shutdown.
2025-04-22 13:26:01.523 | INFO     | app.main:shutdown_event:37 - [WORKFLOW] Server shutting down
2025-04-22 13:26:01.523 | INFO     | logging:callHandlers:1762 - Application shutdown complete.
2025-04-22 13:26:01.523 | INFO     | logging:callHandlers:1762 - Application shutdown complete.
2025-04-22 13:26:01.523 | INFO     | logging:callHandlers:1762 - Finished server process [15820]
2025-04-22 13:26:01.524 | INFO     | logging:callHandlers:1762 - Finished server process [15820]
2025-04-22 13:26:03.478 | INFO     | app.main:<module>:10 - Application starting up...
2025-04-22 13:26:03.480 | INFO     | logging:callHandlers:1762 - Started server process [15877]
2025-04-22 13:26:03.480 | INFO     | logging:callHandlers:1762 - Started server process [15877]
2025-04-22 13:26:03.480 | INFO     | logging:callHandlers:1762 - Waiting for application startup.
2025-04-22 13:26:03.480 | INFO     | logging:callHandlers:1762 - Waiting for application startup.
2025-04-22 13:26:03.480 | INFO     | app.main:startup_event:33 - [WORKFLOW] Server started successfully
2025-04-22 13:26:03.480 | INFO     | logging:callHandlers:1762 - Application startup complete.
2025-04-22 13:26:03.480 | INFO     | logging:callHandlers:1762 - Application startup complete.
2025-04-22 13:26:24.086 | INFO     | logging:callHandlers:1762 - Shutting down
2025-04-22 13:26:24.087 | INFO     | logging:callHandlers:1762 - Shutting down
2025-04-22 13:26:24.188 | INFO     | logging:callHandlers:1762 - Waiting for application shutdown.
2025-04-22 13:26:24.188 | INFO     | logging:callHandlers:1762 - Waiting for application shutdown.
2025-04-22 13:26:24.188 | INFO     | app.main:shutdown_event:37 - [WORKFLOW] Server shutting down
2025-04-22 13:26:24.189 | INFO     | logging:callHandlers:1762 - Application shutdown complete.
2025-04-22 13:26:24.189 | INFO     | logging:callHandlers:1762 - Application shutdown complete.
2025-04-22 13:26:24.189 | INFO     | logging:callHandlers:1762 - Finished server process [15877]
2025-04-22 13:26:24.189 | INFO     | logging:callHandlers:1762 - Finished server process [15877]
2025-04-22 13:26:26.138 | INFO     | app.main:<module>:10 - Application starting up...
2025-04-22 13:26:26.139 | INFO     | logging:callHandlers:1762 - Started server process [15959]
2025-04-22 13:26:26.139 | INFO     | logging:callHandlers:1762 - Started server process [15959]
2025-04-22 13:26:26.139 | INFO     | logging:callHandlers:1762 - Waiting for application startup.
2025-04-22 13:26:26.139 | INFO     | logging:callHandlers:1762 - Waiting for application startup.
2025-04-22 13:26:26.140 | INFO     | app.main:startup_event:33 - [WORKFLOW] Server started successfully
2025-04-22 13:26:26.140 | INFO     | logging:callHandlers:1762 - Application startup complete.
2025-04-22 13:26:26.140 | INFO     | logging:callHandlers:1762 - Application startup complete.
2025-04-22 13:27:13.531 | INFO     | logging:callHandlers:1762 - Shutting down
2025-04-22 13:27:13.532 | INFO     | logging:callHandlers:1762 - Shutting down
2025-04-22 13:27:13.632 | INFO     | logging:callHandlers:1762 - Waiting for application shutdown.
2025-04-22 13:27:13.632 | INFO     | logging:callHandlers:1762 - Waiting for application shutdown.
2025-04-22 13:27:13.633 | INFO     | app.main:shutdown_event:37 - [WORKFLOW] Server shutting down
2025-04-22 13:27:13.633 | INFO     | logging:callHandlers:1762 - Application shutdown complete.
2025-04-22 13:27:13.633 | INFO     | logging:callHandlers:1762 - Application shutdown complete.
2025-04-22 13:27:13.633 | INFO     | logging:callHandlers:1762 - Finished server process [15959]
2025-04-22 13:27:13.633 | INFO     | logging:callHandlers:1762 - Finished server process [15959]
2025-04-22 13:27:15.808 | INFO     | app.main:<module>:10 - Application starting up...
2025-04-22 13:27:15.810 | INFO     | app.main:startup_event:33 - [WORKFLOW] Server started successfully
2025-04-22 13:27:57.545 | INFO     | app.main:shutdown_event:37 - [WORKFLOW] Server shutting down
2025-04-22 13:27:59.461 | INFO     | app.main:<module>:10 - Application starting up...
2025-04-22 13:27:59.463 | INFO     | app.main:startup_event:33 - [WORKFLOW] Server started successfully
2025-04-22 13:28:37.053 | INFO     | app.main:shutdown_event:37 - [WORKFLOW] Server shutting down
2025-04-22 13:28:39.275 | INFO     | app.main:<module>:10 - Application starting up...
2025-04-22 13:28:39.276 | INFO     | app.main:startup_event:33 - [WORKFLOW] Server started successfully
2025-04-22 13:29:15.854 | INFO     | app.main:shutdown_event:37 - [WORKFLOW] Server shutting down
2025-04-22 13:29:18.018 | INFO     | app.main:<module>:10 - Application starting up...
2025-04-22 13:29:18.019 | INFO     | app.main:startup_event:33 - [WORKFLOW] Server started successfully
2025-04-22 13:31:24.647 | INFO     | app.main:shutdown_event:37 - [WORKFLOW] Server shutting down
2025-04-22 13:31:26.933 | INFO     | app.main:<module>:10 - Application starting up...
2025-04-22 13:31:26.935 | INFO     | app.main:startup_event:33 - [WORKFLOW] Server started successfully
